<?xml version="1.0" encoding="UTF-8" ?>
<testsuite failures="0" time="0.52" errors="1" skipped="0" tests="1" name="com.dnf.BaseTest">
  <properties>
    <property name="java.runtime.name" value="Java(TM) SE Runtime Environment"/>
    <property name="sun.boot.library.path" value="E:\jdk1.7\jdk\jre\bin"/>
    <property name="java.vm.version" value="23.7-b01"/>
    <property name="java.vm.vendor" value="Oracle Corporation"/>
    <property name="java.vendor.url" value="http://java.oracle.com/"/>
    <property name="path.separator" value=";"/>
    <property name="java.vm.name" value="Java HotSpot(TM) 64-Bit Server VM"/>
    <property name="file.encoding.pkg" value="sun.io"/>
    <property name="user.script" value=""/>
    <property name="user.country" value="CN"/>
    <property name="sun.java.launcher" value="SUN_STANDARD"/>
    <property name="sun.os.patch.level" value=""/>
    <property name="java.vm.specification.name" value="Java Virtual Machine Specification"/>
    <property name="user.dir" value="E:\Myeclipse\work\DNFPro"/>
    <property name="java.runtime.version" value="1.7.0_17-b02"/>
    <property name="java.awt.graphicsenv" value="sun.awt.Win32GraphicsEnvironment"/>
    <property name="basedir" value="E:\Myeclipse\work\DNFPro"/>
    <property name="java.endorsed.dirs" value="E:\jdk1.7\jdk\jre\lib\endorsed"/>
    <property name="os.arch" value="amd64"/>
    <property name="surefire.real.class.path" value="E:\Myeclipse\work\DNFPro\target\surefire\surefirebooter7959616856396905442.jar"/>
    <property name="java.io.tmpdir" value="C:\Users\ADMINI~1\AppData\Local\Temp\"/>
    <property name="line.separator" value="
"/>
    <property name="java.vm.specification.vendor" value="Oracle Corporation"/>
    <property name="user.variant" value=""/>
    <property name="os.name" value="Windows 8"/>
    <property name="sun.jnu.encoding" value="GBK"/>
    <property name="java.library.path" value="E:\jdk1.7\jdk\jre\bin;C:\WINDOWS\Sun\Java\bin;C:\WINDOWS\system32;C:\WINDOWS;E:\jdk1.7\jdk\bin;C:\Windows\system32;C:\Windows;C:\Windows\System32\Wbem;C:\Windows\System32\WindowsPowerShell\v1.0\;C:\Program Files\WIDCOMM\Bluetooth Software\;C:\Program Files\WIDCOMM\Bluetooth Software\syswow64;C:\Program Files (x86)\NVIDIA Corporation\PhysX\Common;C:\Program Files\TortoiseSVN\bin;E:\WAMP\php5.6;E:\WAMP\php5.6\ext;E:\WAMP\mysql5.6\mysql5.6\bin;C:\WINDOWS\system32;C:\WINDOWS;C:\WINDOWS\System32\Wbem;C:\WINDOWS\System32\WindowsPowerShell\v1.0\;C:\WINDOWS\system32\config\systemprofile\.dnx\bin;C:\Program Files\Microsoft DNX\Dnvm\;C:\Program Files (x86)\Windows Kits\8.1\Windows Performance Toolkit\;C:\Program Files\Microsoft SQL Server\130\Tools\Binn\;F:\git\Git\cmd;C:\Program Files\TortoiseGit\bin;C:\Program Files\nodejs\;E:\Myeclipse\local\MyEclipse 10\Uninstaller\jre\bin;E:\rational_rose\roseinstall\common;e:\c++ software\bin;C:\Program Files (x86)\Microsoft Visual Studio\Common\Tools\WinNT;C:\Program Files (x86)\Microsoft Visual Studio\Common\MSDev98\Bin;C:\Program Files (x86)\Microsoft Visual Studio\Common\Tools;e:\安装程序\Visual c++\bin;C:\Users\Administrator\AppData\Local\Microsoft\WindowsApps;C:\Users\Administrator\AppData\Roaming\npm;."/>
    <property name="surefire.test.class.path" value="E:\Myeclipse\work\DNFPro\target\test-classes;E:\Myeclipse\work\DNFPro\target\classes;C:\Users\Administrator\.m2\repository\org\apache\openejb\javaee-api\5.0-1\javaee-api-5.0-1.jar;C:\Users\Administrator\.m2\repository\javax\servlet\jstl\1.2\jstl-1.2.jar;C:\Users\Administrator\.m2\repository\javax\servlet\jsp\jsp-api\2.1\jsp-api-2.1.jar;C:\Users\Administrator\.m2\repository\junit\junit\4.11\junit-4.11.jar;C:\Users\Administrator\.m2\repository\org\hamcrest\hamcrest-core\1.3\hamcrest-core-1.3.jar;C:\Users\Administrator\.m2\repository\ch\qos\logback\logback-classic\1.1.1\logback-classic-1.1.1.jar;C:\Users\Administrator\.m2\repository\ch\qos\logback\logback-core\1.1.1\logback-core-1.1.1.jar;C:\Users\Administrator\.m2\repository\org\slf4j\slf4j-api\1.7.6\slf4j-api-1.7.6.jar;C:\Users\Administrator\.m2\repository\mysql\mysql-connector-java\5.1.37\mysql-connector-java-5.1.37.jar;C:\Users\Administrator\.m2\repository\c3p0\c3p0\0.9.1.2\c3p0-0.9.1.2.jar;C:\Users\Administrator\.m2\repository\org\mybatis\mybatis\3.3.0\mybatis-3.3.0.jar;C:\Users\Administrator\.m2\repository\org\mybatis\mybatis-spring\1.2.3\mybatis-spring-1.2.3.jar;C:\Users\Administrator\.m2\repository\taglibs\standard\1.1.2\standard-1.1.2.jar;C:\Users\Administrator\.m2\repository\jstl\jstl\1.2\jstl-1.2.jar;C:\Users\Administrator\.m2\repository\com\fasterxml\jackson\core\jackson-databind\2.5.4\jackson-databind-2.5.4.jar;C:\Users\Administrator\.m2\repository\com\fasterxml\jackson\core\jackson-annotations\2.5.0\jackson-annotations-2.5.0.jar;C:\Users\Administrator\.m2\repository\com\fasterxml\jackson\core\jackson-core\2.5.4\jackson-core-2.5.4.jar;C:\Users\Administrator\.m2\repository\javax\servlet\javax.servlet-api\3.1.0\javax.servlet-api-3.1.0.jar;C:\Users\Administrator\.m2\repository\org\springframework\spring-core\4.1.7.RELEASE\spring-core-4.1.7.RELEASE.jar;C:\Users\Administrator\.m2\repository\commons-logging\commons-logging\1.2\commons-logging-1.2.jar;C:\Users\Administrator\.m2\repository\org\springframework\spring-beans\4.1.7.RELEASE\spring-beans-4.1.7.RELEASE.jar;C:\Users\Administrator\.m2\repository\org\springframework\spring-context\4.1.7.RELEASE\spring-context-4.1.7.RELEASE.jar;C:\Users\Administrator\.m2\repository\org\springframework\spring-aop\4.1.7.RELEASE\spring-aop-4.1.7.RELEASE.jar;C:\Users\Administrator\.m2\repository\aopalliance\aopalliance\1.0\aopalliance-1.0.jar;C:\Users\Administrator\.m2\repository\org\springframework\spring-expression\4.1.7.RELEASE\spring-expression-4.1.7.RELEASE.jar;C:\Users\Administrator\.m2\repository\org\springframework\spring-jdbc\4.1.7.RELEASE\spring-jdbc-4.1.7.RELEASE.jar;C:\Users\Administrator\.m2\repository\org\springframework\spring-tx\4.1.7.RELEASE\spring-tx-4.1.7.RELEASE.jar;C:\Users\Administrator\.m2\repository\org\springframework\spring-web\4.1.7.RELEASE\spring-web-4.1.7.RELEASE.jar;C:\Users\Administrator\.m2\repository\org\springframework\spring-webmvc\4.1.7.RELEASE\spring-webmvc-4.1.7.RELEASE.jar;C:\Users\Administrator\.m2\repository\org\springframework\spring-test\4.1.7.RELEASE\spring-test-4.1.7.RELEASE.jar;C:\Users\Administrator\.m2\repository\redis\clients\jedis\2.7.3\jedis-2.7.3.jar;C:\Users\Administrator\.m2\repository\org\apache\commons\commons-pool2\2.3\commons-pool2-2.3.jar;C:\Users\Administrator\.m2\repository\com\dyuproject\protostuff\protostuff-core\1.0.8\protostuff-core-1.0.8.jar;C:\Users\Administrator\.m2\repository\com\dyuproject\protostuff\protostuff-api\1.0.8\protostuff-api-1.0.8.jar;C:\Users\Administrator\.m2\repository\com\dyuproject\protostuff\protostuff-runtime\1.0.8\protostuff-runtime-1.0.8.jar;C:\Users\Administrator\.m2\repository\com\dyuproject\protostuff\protostuff-collectionschema\1.0.8\protostuff-collectionschema-1.0.8.jar;C:\Users\Administrator\.m2\repository\commons-collections\commons-collections\3.2\commons-collections-3.2.jar;"/>
    <property name="java.specification.name" value="Java Platform API Specification"/>
    <property name="java.class.version" value="51.0"/>
    <property name="sun.management.compiler" value="HotSpot 64-Bit Tiered Compilers"/>
    <property name="os.version" value="6.2"/>
    <property name="user.home" value="C:\Users\Administrator"/>
    <property name="user.timezone" value=""/>
    <property name="java.awt.printerjob" value="sun.awt.windows.WPrinterJob"/>
    <property name="java.specification.version" value="1.7"/>
    <property name="file.encoding" value="GBK"/>
    <property name="user.name" value="Administrator"/>
    <property name="java.class.path" value="E:\Myeclipse\work\DNFPro\target\test-classes;E:\Myeclipse\work\DNFPro\target\classes;C:\Users\Administrator\.m2\repository\org\apache\openejb\javaee-api\5.0-1\javaee-api-5.0-1.jar;C:\Users\Administrator\.m2\repository\javax\servlet\jstl\1.2\jstl-1.2.jar;C:\Users\Administrator\.m2\repository\javax\servlet\jsp\jsp-api\2.1\jsp-api-2.1.jar;C:\Users\Administrator\.m2\repository\junit\junit\4.11\junit-4.11.jar;C:\Users\Administrator\.m2\repository\org\hamcrest\hamcrest-core\1.3\hamcrest-core-1.3.jar;C:\Users\Administrator\.m2\repository\ch\qos\logback\logback-classic\1.1.1\logback-classic-1.1.1.jar;C:\Users\Administrator\.m2\repository\ch\qos\logback\logback-core\1.1.1\logback-core-1.1.1.jar;C:\Users\Administrator\.m2\repository\org\slf4j\slf4j-api\1.7.6\slf4j-api-1.7.6.jar;C:\Users\Administrator\.m2\repository\mysql\mysql-connector-java\5.1.37\mysql-connector-java-5.1.37.jar;C:\Users\Administrator\.m2\repository\c3p0\c3p0\0.9.1.2\c3p0-0.9.1.2.jar;C:\Users\Administrator\.m2\repository\org\mybatis\mybatis\3.3.0\mybatis-3.3.0.jar;C:\Users\Administrator\.m2\repository\org\mybatis\mybatis-spring\1.2.3\mybatis-spring-1.2.3.jar;C:\Users\Administrator\.m2\repository\taglibs\standard\1.1.2\standard-1.1.2.jar;C:\Users\Administrator\.m2\repository\jstl\jstl\1.2\jstl-1.2.jar;C:\Users\Administrator\.m2\repository\com\fasterxml\jackson\core\jackson-databind\2.5.4\jackson-databind-2.5.4.jar;C:\Users\Administrator\.m2\repository\com\fasterxml\jackson\core\jackson-annotations\2.5.0\jackson-annotations-2.5.0.jar;C:\Users\Administrator\.m2\repository\com\fasterxml\jackson\core\jackson-core\2.5.4\jackson-core-2.5.4.jar;C:\Users\Administrator\.m2\repository\javax\servlet\javax.servlet-api\3.1.0\javax.servlet-api-3.1.0.jar;C:\Users\Administrator\.m2\repository\org\springframework\spring-core\4.1.7.RELEASE\spring-core-4.1.7.RELEASE.jar;C:\Users\Administrator\.m2\repository\commons-logging\commons-logging\1.2\commons-logging-1.2.jar;C:\Users\Administrator\.m2\repository\org\springframework\spring-beans\4.1.7.RELEASE\spring-beans-4.1.7.RELEASE.jar;C:\Users\Administrator\.m2\repository\org\springframework\spring-context\4.1.7.RELEASE\spring-context-4.1.7.RELEASE.jar;C:\Users\Administrator\.m2\repository\org\springframework\spring-aop\4.1.7.RELEASE\spring-aop-4.1.7.RELEASE.jar;C:\Users\Administrator\.m2\repository\aopalliance\aopalliance\1.0\aopalliance-1.0.jar;C:\Users\Administrator\.m2\repository\org\springframework\spring-expression\4.1.7.RELEASE\spring-expression-4.1.7.RELEASE.jar;C:\Users\Administrator\.m2\repository\org\springframework\spring-jdbc\4.1.7.RELEASE\spring-jdbc-4.1.7.RELEASE.jar;C:\Users\Administrator\.m2\repository\org\springframework\spring-tx\4.1.7.RELEASE\spring-tx-4.1.7.RELEASE.jar;C:\Users\Administrator\.m2\repository\org\springframework\spring-web\4.1.7.RELEASE\spring-web-4.1.7.RELEASE.jar;C:\Users\Administrator\.m2\repository\org\springframework\spring-webmvc\4.1.7.RELEASE\spring-webmvc-4.1.7.RELEASE.jar;C:\Users\Administrator\.m2\repository\org\springframework\spring-test\4.1.7.RELEASE\spring-test-4.1.7.RELEASE.jar;C:\Users\Administrator\.m2\repository\redis\clients\jedis\2.7.3\jedis-2.7.3.jar;C:\Users\Administrator\.m2\repository\org\apache\commons\commons-pool2\2.3\commons-pool2-2.3.jar;C:\Users\Administrator\.m2\repository\com\dyuproject\protostuff\protostuff-core\1.0.8\protostuff-core-1.0.8.jar;C:\Users\Administrator\.m2\repository\com\dyuproject\protostuff\protostuff-api\1.0.8\protostuff-api-1.0.8.jar;C:\Users\Administrator\.m2\repository\com\dyuproject\protostuff\protostuff-runtime\1.0.8\protostuff-runtime-1.0.8.jar;C:\Users\Administrator\.m2\repository\com\dyuproject\protostuff\protostuff-collectionschema\1.0.8\protostuff-collectionschema-1.0.8.jar;C:\Users\Administrator\.m2\repository\commons-collections\commons-collections\3.2\commons-collections-3.2.jar;"/>
    <property name="java.vm.specification.version" value="1.7"/>
    <property name="sun.arch.data.model" value="64"/>
    <property name="java.home" value="E:\jdk1.7\jdk\jre"/>
    <property name="sun.java.command" value="E:\Myeclipse\work\DNFPro\target\surefire\surefirebooter7959616856396905442.jar E:\Myeclipse\work\DNFPro\target\surefire\surefire3915312670994601570tmp E:\Myeclipse\work\DNFPro\target\surefire\surefire6752549267291798266tmp"/>
    <property name="java.specification.vendor" value="Oracle Corporation"/>
    <property name="user.language" value="zh"/>
    <property name="awt.toolkit" value="sun.awt.windows.WToolkit"/>
    <property name="java.vm.info" value="mixed mode"/>
    <property name="java.version" value="1.7.0_17"/>
    <property name="java.ext.dirs" value="E:\jdk1.7\jdk\jre\lib\ext;C:\WINDOWS\Sun\Java\lib\ext"/>
    <property name="sun.boot.class.path" value="E:\jdk1.7\jdk\jre\lib\resources.jar;E:\jdk1.7\jdk\jre\lib\rt.jar;E:\jdk1.7\jdk\jre\lib\sunrsasign.jar;E:\jdk1.7\jdk\jre\lib\jsse.jar;E:\jdk1.7\jdk\jre\lib\jce.jar;E:\jdk1.7\jdk\jre\lib\charsets.jar;E:\jdk1.7\jdk\jre\lib\jfr.jar;E:\jdk1.7\jdk\jre\classes"/>
    <property name="java.vendor" value="Oracle Corporation"/>
    <property name="localRepository" value="C:\Users\Administrator\.m2\repository"/>
    <property name="file.separator" value="\"/>
    <property name="java.vendor.url.bug" value="http://bugreport.sun.com/bugreport/"/>
    <property name="sun.cpu.endian" value="little"/>
    <property name="sun.io.unicode.encoding" value="UnicodeLittle"/>
    <property name="sun.desktop" value="windows"/>
    <property name="sun.cpu.isalist" value="amd64"/>
  </properties>
  <testcase time="0.023" classname="com.dnf.BaseTest" name="initializationError">
    <error message="No runnable methods" type="java.lang.Exception">java.lang.Exception: No runnable methods
	at org.junit.runners.BlockJUnit4ClassRunner.validateInstanceMethods(BlockJUnit4ClassRunner.java:169)
	at org.junit.runners.BlockJUnit4ClassRunner.collectInitializationErrors(BlockJUnit4ClassRunner.java:104)
	at org.junit.runners.ParentRunner.validate(ParentRunner.java:355)
	at org.junit.runners.ParentRunner.&lt;init&gt;(ParentRunner.java:76)
	at org.junit.runners.BlockJUnit4ClassRunner.&lt;init&gt;(BlockJUnit4ClassRunner.java:57)
	at org.springframework.test.context.junit4.SpringJUnit4ClassRunner.&lt;init&gt;(SpringJUnit4ClassRunner.java:111)
	at sun.reflect.NativeConstructorAccessorImpl.newInstance0(Native Method)
	at sun.reflect.NativeConstructorAccessorImpl.newInstance(NativeConstructorAccessorImpl.java:57)
	at sun.reflect.DelegatingConstructorAccessorImpl.newInstance(DelegatingConstructorAccessorImpl.java:45)
	at java.lang.reflect.Constructor.newInstance(Constructor.java:525)
	at org.junit.internal.builders.AnnotatedBuilder.buildRunner(AnnotatedBuilder.java:29)
	at org.junit.internal.builders.AnnotatedBuilder.runnerForClass(AnnotatedBuilder.java:21)
	at org.junit.runners.model.RunnerBuilder.safeRunnerForClass(RunnerBuilder.java:59)
	at org.junit.internal.builders.AllDefaultPossibilitiesBuilder.runnerForClass(AllDefaultPossibilitiesBuilder.java:26)
	at org.junit.runners.model.RunnerBuilder.safeRunnerForClass(RunnerBuilder.java:59)
	at org.junit.internal.requests.ClassRequest.getRunner(ClassRequest.java:26)
	at org.apache.maven.surefire.junit4.JUnit4TestSet.execute(JUnit4TestSet.java:33)
	at org.apache.maven.surefire.junit4.JUnit4Provider.executeTestSet(JUnit4Provider.java:146)
	at org.apache.maven.surefire.junit4.JUnit4Provider.invoke(JUnit4Provider.java:97)
	at sun.reflect.NativeMethodAccessorImpl.invoke0(Native Method)
	at sun.reflect.NativeMethodAccessorImpl.invoke(NativeMethodAccessorImpl.java:57)
	at sun.reflect.DelegatingMethodAccessorImpl.invoke(DelegatingMethodAccessorImpl.java:43)
	at java.lang.reflect.Method.invoke(Method.java:601)
	at org.apache.maven.surefire.booter.ProviderFactory$ClassLoaderProxy.invoke(ProviderFactory.java:103)
	at com.sun.proxy.$Proxy0.invoke(Unknown Source)
	at org.apache.maven.surefire.booter.SurefireStarter.invokeProvider(SurefireStarter.java:145)
	at org.apache.maven.surefire.booter.SurefireStarter.runSuitesInProcess(SurefireStarter.java:87)
	at org.apache.maven.surefire.booter.ForkedBooter.main(ForkedBooter.java:69)
</error>
    <system-out>@HL
@HL-------------------------------------------------------
@HL T E S T S
@HL-------------------------------------------------------
@SLRunning com.dnf.BaseTest
</system-out>
  </testcase>
</testsuite>